빌드 시작: 2017-07-05 오후 3:41:22
     1>2 노드의 "D:\Github\Medical_IR\TestForOCV\TestForOCV\TestForOCV.vcxproj" 프로젝트(Build 대상)입니다.
     1>ClCompile:
         D:\microsoft 12.0\VC\bin\x86_amd64\CL.exe /c /I../3rd/ocv/inc /Zi /nologo /W3 /WX- /O2 /Oi /GL /D WIN32 /D NDEBUG /D _CONSOLE /D _UNICODE /D UNICODE /Gm- /EHsc /MD /GS /Gy /fp:precise /Zc:wchar_t /Zc:forScope /Fo"x64\Release\\" /Fd"x64\Release\vc110.pdb" /Gd /TP /errorReport:prompt BoVW.cpp main.cpp
         BoVW.cpp
     1>d:\github\medical_ir\testforocv\3rd\ocv\inc\opencv2\flann\dist.h : warning C4819: 현재 코드 페이지(949)에서 표시할 수 없는 문자가 파일에 들어 있습니다. 데이터가 손실되지 않게 하려면 해당 파일을 유니코드 형식으로 저장하십시오.
     1>d:\github\medical_ir\testforocv\testforocv\BoVW.h(20): error C2143: 구문 오류 : ';'이(가) '<' 앞에 없습니다.
     1>d:\github\medical_ir\testforocv\testforocv\BoVW.h(20): error C4430: 형식 지정자가 없습니다. int로 가정합니다. 참고: C++에서는 기본 int를 지원하지 않습니다.
     1>d:\github\medical_ir\testforocv\testforocv\BoVW.h(20): error C2238: ';' 앞에 예기치 않은 토큰이 있습니다.
     1>d:\github\medical_ir\testforocv\testforocv\BoVW.h(24): error C2146: 구문 오류 : ';'이(가) 'index' 식별자 앞에 없습니다.
     1>d:\github\medical_ir\testforocv\testforocv\BoVW.h(24): error C4430: 형식 지정자가 없습니다. int로 가정합니다. 참고: C++에서는 기본 int를 지원하지 않습니다.
     1>d:\github\medical_ir\testforocv\testforocv\BoVW.h(33): error C2653: 'flann' : 클래스 또는 네임스페이스 이름이 아닙니다.
     1>d:\github\medical_ir\testforocv\testforocv\BoVW.h(33): error C2146: 구문 오류 : ';'이(가) 'kdTree' 식별자 앞에 없습니다.
     1>d:\github\medical_ir\testforocv\testforocv\BoVW.h(33): error C4430: 형식 지정자가 없습니다. int로 가정합니다. 참고: C++에서는 기본 int를 지원하지 않습니다.
     1>d:\github\medical_ir\testforocv\testforocv\BoVW.h(34): error C2143: 구문 오류 : ';'이(가) '<' 앞에 없습니다.
     1>d:\github\medical_ir\testforocv\testforocv\BoVW.h(34): error C4430: 형식 지정자가 없습니다. int로 가정합니다. 참고: C++에서는 기본 int를 지원하지 않습니다.
     1>d:\github\medical_ir\testforocv\testforocv\BoVW.h(34): error C2238: ';' 앞에 예기치 않은 토큰이 있습니다.
     1>d:\github\medical_ir\testforocv\testforocv\BoVW.h(35): error C2143: 구문 오류 : ';'이(가) '<' 앞에 없습니다.
     1>d:\github\medical_ir\testforocv\testforocv\BoVW.h(35): error C4430: 형식 지정자가 없습니다. int로 가정합니다. 참고: C++에서는 기본 int를 지원하지 않습니다.
     1>d:\github\medical_ir\testforocv\testforocv\BoVW.h(35): error C2238: ';' 앞에 예기치 않은 토큰이 있습니다.
     1>d:\github\medical_ir\testforocv\testforocv\BoVW.h(36): error C2143: 구문 오류 : ';'이(가) '<' 앞에 없습니다.
     1>d:\github\medical_ir\testforocv\testforocv\BoVW.h(36): error C4430: 형식 지정자가 없습니다. int로 가정합니다. 참고: C++에서는 기본 int를 지원하지 않습니다.
     1>d:\github\medical_ir\testforocv\testforocv\BoVW.h(36): error C2238: ';' 앞에 예기치 않은 토큰이 있습니다.
     1>d:\github\medical_ir\testforocv\testforocv\BoVW.h(37): error C2143: 구문 오류 : ';'이(가) '<' 앞에 없습니다.
     1>d:\github\medical_ir\testforocv\testforocv\BoVW.h(37): error C4430: 형식 지정자가 없습니다. int로 가정합니다. 참고: C++에서는 기본 int를 지원하지 않습니다.
     1>d:\github\medical_ir\testforocv\testforocv\BoVW.h(37): error C2238: ';' 앞에 예기치 않은 토큰이 있습니다.
     1>BoVW.cpp(48): error C2065: 'F' : 선언되지 않은 식별자입니다.
     1>BoVW.cpp(48): error C2228: '.reserve' 왼쪽에는 클래스/구조체/공용 구조체가 있어야 합니다.
                 ''unknown-type'' 형식입니다.
     1>BoVW.cpp(49): error C2065: 'IDF' : 선언되지 않은 식별자입니다.
     1>BoVW.cpp(49): error C2228: '.reserve' 왼쪽에는 클래스/구조체/공용 구조체가 있어야 합니다.
                 ''unknown-type'' 형식입니다.
     1>BoVW.cpp(50): error C2065: 'Invert' : 선언되지 않은 식별자입니다.
     1>BoVW.cpp(50): error C2228: '.reserve' 왼쪽에는 클래스/구조체/공용 구조체가 있어야 합니다.
                 ''unknown-type'' 형식입니다.
     1>BoVW.cpp(58): error C2065: 'kdTree' : 선언되지 않은 식별자입니다.
     1>BoVW.cpp(58): error C2228: '.build' 왼쪽에는 클래스/구조체/공용 구조체가 있어야 합니다.
                 ''unknown-type'' 형식입니다.
     1>BoVW.cpp(77): error C2065: 'kdTree' : 선언되지 않은 식별자입니다.
     1>BoVW.cpp(77): error C2228: '.knnSearch' 왼쪽에는 클래스/구조체/공용 구조체가 있어야 합니다.
                 ''unknown-type'' 형식입니다.
     1>BoVW.cpp(92): error C2065: 'IDF' : 선언되지 않은 식별자입니다.
     1>BoVW.cpp(100): error C2039: 'BoVW_matcher' : 'BoVW'의 멤버가 아닙니다.
                 d:\github\medical_ir\testforocv\testforocv\BoVW.h(16) : 'BoVW' 선언을 참조하십시오.
     1>BoVW.cpp(102): error C2065: 'score' : 선언되지 않은 식별자입니다.
     1>BoVW.cpp(102): error C2228: '.reserve' 왼쪽에는 클래스/구조체/공용 구조체가 있어야 합니다.
                 ''unknown-type'' 형식입니다.
     1>BoVW.cpp(102): error C2065: 'numDocument' : 선언되지 않은 식별자입니다.
     1>BoVW.cpp(110): error C2065: 'kdTree' : 선언되지 않은 식별자입니다.
     1>BoVW.cpp(110): error C2228: '.knnSearch' 왼쪽에는 클래스/구조체/공용 구조체가 있어야 합니다.
                 ''unknown-type'' 형식입니다.
     1>BoVW.cpp(119): error C2065: 'score' : 선언되지 않은 식별자입니다.
     1>BoVW.cpp(119): error C2228: '.index' 왼쪽에는 클래스/구조체/공용 구조체가 있어야 합니다.
     1>BoVW.cpp(120): error C2065: 'score' : 선언되지 않은 식별자입니다.
     1>BoVW.cpp(120): error C2228: '.score' 왼쪽에는 클래스/구조체/공용 구조체가 있어야 합니다.
     1>BoVW.cpp(124): error C3861: 'ClearF': 식별자를 찾을 수 없습니다.
     1>BoVW.cpp(127): error C3861: 'InsertF': 식별자를 찾을 수 없습니다.
     1>BoVW.cpp(131): error C2065: 'F' : 선언되지 않은 식별자입니다.
     1>BoVW.cpp(132): error C2065: 'invertedList' : 선언되지 않은 식별자입니다.
     1>BoVW.cpp(132): error C2923: 'std::list' : 'invertedList'은(는) '_Ty' 매개 변수에 대한 올바른 템플릿 형식 인수가 아닙니다.
     1>BoVW.cpp(132): error C2065: 'Invert' : 선언되지 않은 식별자입니다.
     1>BoVW.cpp(132): error C2228: '.begin' 왼쪽에는 클래스/구조체/공용 구조체가 있어야 합니다.
     1>BoVW.cpp(132): error C2228: '.end' 왼쪽에는 클래스/구조체/공용 구조체가 있어야 합니다.
     1>BoVW.cpp(134): error C2065: 'F' : 선언되지 않은 식별자입니다.
     1>BoVW.cpp(135): error C2065: 'score' : 선언되지 않은 식별자입니다.
     1>BoVW.cpp(135): error C2839: 오버로드된 'operator ->'의 'int *' 반환 형식이 잘못되었습니다.
     1>BoVW.cpp(135): error C2039: 'image' : 'std::_List_iterator<_Mylist>'의 멤버가 아닙니다.
                 with
                 [
                     _Mylist=std::_List_val<std::_List_simple_types<int>>
                 ]
     1>BoVW.cpp(135): error C2228: '.score' 왼쪽에는 클래스/구조체/공용 구조체가 있어야 합니다.
     1>BoVW.cpp(135): error C2039: 'TF' : 'std::_List_iterator<_Mylist>'의 멤버가 아닙니다.
                 with
                 [
                     _Mylist=std::_List_val<std::_List_simple_types<int>>
                 ]
     1>BoVW.cpp(135): error C2065: 'IDF' : 선언되지 않은 식별자입니다.
     1>BoVW.cpp(138): error C2065: 'score' : 선언되지 않은 식별자입니다.
     1>BoVW.cpp(138): error C2228: '.begin' 왼쪽에는 클래스/구조체/공용 구조체가 있어야 합니다.
                 ''unknown-type'' 형식입니다.
     1>BoVW.cpp(138): error C2228: '.end' 왼쪽에는 클래스/구조체/공용 구조체가 있어야 합니다.
                 ''unknown-type'' 형식입니다.
     1>BoVW.cpp(138): error C2065: 'compare_score' : 선언되지 않은 식별자입니다.
     1>BoVW.cpp(142): error C2065: 'score' : 선언되지 않은 식별자입니다.
     1>BoVW.cpp(142): error C2228: '.index' 왼쪽에는 클래스/구조체/공용 구조체가 있어야 합니다.
     1>BoVW.cpp(154): error C2065: 'F' : 선언되지 않은 식별자입니다.
     1>BoVW.cpp(159): error C2065: 'F' : 선언되지 않은 식별자입니다.
     1>BoVW.cpp(164): error C2065: 'F' : 선언되지 않은 식별자입니다.
     1>BoVW.cpp(168): error C2065: 'F' : 선언되지 않은 식별자입니다.
     1>BoVW.cpp(169): error C2065: 'Invert' : 선언되지 않은 식별자입니다.
     1>BoVW.cpp(169): error C2228: '.push_back' 왼쪽에는 클래스/구조체/공용 구조체가 있어야 합니다.
     1>BoVW.cpp(176): error C2065: 'IDF' : 선언되지 않은 식별자입니다.
         main.cpp
     1>d:\github\medical_ir\testforocv\3rd\ocv\inc\opencv2\flann\dist.h : warning C4819: 현재 코드 페이지(949)에서 표시할 수 없는 문자가 파일에 들어 있습니다. 데이터가 손실되지 않게 하려면 해당 파일을 유니코드 형식으로 저장하십시오.
     1>d:\github\medical_ir\testforocv\3rd\ocv\inc\opencv2\flann\logger.h(66): warning C4996: 'fopen': This function or variable may be unsafe. Consider using fopen_s instead. To disable deprecation, use _CRT_SECURE_NO_WARNINGS. See online help for details.
                 D:\microsoft 12.0\VC\include\stdio.h(218) : 'fopen' 선언을 참조하십시오.
     1>d:\github\medical_ir\testforocv\testforocv\BoVW.h(37): error C2065: 'list' : 선언되지 않은 식별자입니다.
     1>d:\github\medical_ir\testforocv\testforocv\BoVW.h(37): error C2275: 'BoVW::invertedList' : 이 형식을 식으로 잘못 사용했습니다.
     1>d:\github\medical_ir\testforocv\testforocv\BoVW.h(37): error C2974: 'std::vector' : '_Ty'의 템플릿 인수가 잘못되었습니다. 형식이 필요합니다.
                 D:\microsoft 12.0\VC\include\vector(655) : 'std::vector' 선언을 참조하십시오.
     1>d:\github\medical_ir\testforocv\testforocv\BoVW.h(37): error C2059: 구문 오류 : '>'
     1>d:\github\medical_ir\testforocv\testforocv\BoVW.h(37): error C2238: ';' 앞에 예기치 않은 토큰이 있습니다.
     1>"D:\Github\Medical_IR\TestForOCV\TestForOCV\TestForOCV.vcxproj" 프로젝트를 빌드했습니다(Build 대상). - 실패

빌드하지 못했습니다.

경과 시간: 00:00:00.93
